TN:
SF:src/analyzers/ComponentAnalyzer.ts
FN:48,(anonymous_10)
FN:52,(anonymous_11)
FN:85,(anonymous_12)
FN:101,(anonymous_13)
FN:119,(anonymous_14)
FN:122,(anonymous_15)
FN:127,(anonymous_16)
FN:145,(anonymous_17)
FN:153,(anonymous_18)
FN:163,(anonymous_19)
FN:171,(anonymous_20)
FN:190,(anonymous_21)
FN:199,(anonymous_22)
FN:209,(anonymous_23)
FN:215,(anonymous_24)
FN:229,(anonymous_25)
FN:230,(anonymous_26)
FN:252,(anonymous_27)
FN:265,(anonymous_28)
FN:272,(anonymous_29)
FNF:20
FNH:0
FNDA:0,(anonymous_10)
FNDA:0,(anonymous_11)
FNDA:0,(anonymous_12)
FNDA:0,(anonymous_13)
FNDA:0,(anonymous_14)
FNDA:0,(anonymous_15)
FNDA:0,(anonymous_16)
FNDA:0,(anonymous_17)
FNDA:0,(anonymous_18)
FNDA:0,(anonymous_19)
FNDA:0,(anonymous_20)
FNDA:0,(anonymous_21)
FNDA:0,(anonymous_22)
FNDA:0,(anonymous_23)
FNDA:0,(anonymous_24)
FNDA:0,(anonymous_25)
FNDA:0,(anonymous_26)
FNDA:0,(anonymous_27)
FNDA:0,(anonymous_28)
FNDA:0,(anonymous_29)
DA:11,0
DA:13,0
DA:14,0
DA:15,0
DA:46,0
DA:49,0
DA:53,0
DA:54,0
DA:55,0
DA:57,0
DA:59,0
DA:74,0
DA:75,0
DA:77,0
DA:80,0
DA:81,0
DA:86,0
DA:87,0
DA:89,0
DA:91,0
DA:92,0
DA:93,0
DA:94,0
DA:98,0
DA:102,0
DA:103,0
DA:114,0
DA:115,0
DA:120,0
DA:123,0
DA:124,0
DA:125,0
DA:127,0
DA:128,0
DA:129,0
DA:130,0
DA:131,0
DA:132,0
DA:136,0
DA:139,0
DA:140,0
DA:146,0
DA:147,0
DA:148,0
DA:154,0
DA:155,0
DA:156,0
DA:157,0
DA:164,0
DA:165,0
DA:166,0
DA:172,0
DA:174,0
DA:176,0
DA:177,0
DA:180,0
DA:181,0
DA:182,0
DA:183,0
DA:191,0
DA:193,0
DA:201,0
DA:203,0
DA:204,0
DA:206,0
DA:211,0
DA:212,0
DA:214,0
DA:215,0
DA:216,0
DA:217,0
DA:230,0
DA:231,0
DA:232,0
DA:239,0
DA:242,0
DA:243,0
DA:244,0
DA:245,0
DA:253,0
DA:255,0
DA:256,0
DA:257,0
DA:258,0
DA:260,0
DA:261,0
DA:264,0
DA:265,0
DA:266,0
DA:269,0
DA:273,0
DA:276,0
DA:279,0
DA:280,0
DA:284,0
DA:287,0
DA:290,0
DA:291,0
DA:292,0
DA:293,0
DA:295,0
LF:101
LH:0
BRDA:57,0,0,0
BRDA:85,1,0,0
BRDA:93,2,0,0
BRDA:93,3,0,0
BRDA:93,3,1,0
BRDA:128,4,0,0
BRDA:128,4,1,0
BRDA:131,5,0,0
BRDA:132,6,0,0
BRDA:132,6,1,0
BRDA:139,7,0,0
BRDA:139,8,0,0
BRDA:139,8,1,0
BRDA:146,9,0,0
BRDA:147,10,0,0
BRDA:147,10,1,0
BRDA:154,11,0,0
BRDA:154,12,0,0
BRDA:154,12,1,0
BRDA:155,13,0,0
BRDA:156,14,0,0
BRDA:156,14,1,0
BRDA:165,15,0,0
BRDA:172,16,0,0
BRDA:172,17,0,0
BRDA:172,17,1,0
BRDA:176,18,0,0
BRDA:180,19,0,0
BRDA:180,19,1,0
BRDA:182,20,0,0
BRDA:191,21,0,0
BRDA:191,22,0,0
BRDA:191,22,1,0
BRDA:201,23,0,0
BRDA:201,24,0,0
BRDA:201,24,1,0
BRDA:201,24,2,0
BRDA:203,25,0,0
BRDA:203,25,1,0
BRDA:203,26,0,0
BRDA:203,26,1,0
BRDA:211,27,0,0
BRDA:211,28,0,0
BRDA:211,28,1,0
BRDA:214,29,0,0
BRDA:216,30,0,0
BRDA:216,31,0,0
BRDA:216,31,1,0
BRDA:231,32,0,0
BRDA:231,33,0,0
BRDA:231,33,1,0
BRDA:242,34,0,0
BRDA:242,35,0,0
BRDA:242,35,1,0
BRDA:244,36,0,0
BRDA:253,37,0,0
BRDA:255,38,0,0
BRDA:256,39,0,0
BRDA:257,40,0,0
BRDA:258,41,0,0
BRDA:260,42,0,0
BRDA:260,43,0,0
BRDA:260,43,1,0
BRDA:264,44,0,0
BRDA:279,45,0,0
BRDA:290,46,0,0
BRDA:290,46,1,0
BRDA:292,47,0,0
BRDA:292,47,1,0
BRF:69
BRH:0
end_of_record
TN:
SF:src/commands/create.ts
FN:26,(anonymous_1)
FN:71,(anonymous_2)
FN:88,(anonymous_3)
FN:108,(anonymous_4)
FN:139,(anonymous_5)
FN:147,(anonymous_6)
FNF:6
FNH:0
FNDA:0,(anonymous_1)
FNDA:0,(anonymous_2)
FNDA:0,(anonymous_3)
FNDA:0,(anonymous_4)
FNDA:0,(anonymous_5)
FNDA:0,(anonymous_6)
DA:10,0
DA:11,0
DA:12,0
DA:14,0
DA:16,0
DA:27,0
DA:29,0
DA:30,0
DA:31,0
DA:34,0
DA:36,0
DA:37,0
DA:38,0
DA:40,0
DA:43,0
DA:55,0
DA:62,0
DA:63,0
DA:64,0
DA:65,0
DA:66,0
DA:67,0
DA:68,0
DA:70,0
DA:71,0
DA:72,0
DA:74,0
DA:78,0
DA:79,0
DA:89,0
DA:91,0
DA:93,0
DA:94,0
DA:95,0
DA:98,0
DA:99,0
DA:109,0
DA:111,0
DA:112,0
DA:113,0
DA:115,0
DA:123,0
DA:125,0
DA:126,0
DA:127,0
DA:128,0
DA:138,0
DA:139,0
DA:142,0
DA:143,0
DA:144,0
DA:147,0
DA:148,0
DA:149,0
DA:151,0
DA:152,0
DA:156,0
DA:159,0
LF:58
LH:0
BRDA:29,0,0,0
BRDA:43,1,0,0
BRDA:43,1,1,0
BRDA:62,2,0,0
BRDA:62,2,1,0
BRDA:95,3,0,0
BRDA:95,3,1,0
BRDA:127,4,0,0
BRDA:130,5,0,0
BRDA:130,5,1,0
BRDA:132,6,0,0
BRDA:132,6,1,0
BRDA:138,7,0,0
BRDA:138,7,1,0
BRDA:142,8,0,0
BRDA:151,9,0,0
BRDA:151,10,0,0
BRDA:151,10,1,0
BRF:18
BRH:0
end_of_record
TN:
SF:src/commands/generate.ts
FN:32,(anonymous_1)
FN:46,(anonymous_2)
FN:70,(anonymous_3)
FN:84,(anonymous_4)
FN:89,(anonymous_5)
FN:115,(anonymous_6)
FN:129,(anonymous_7)
FN:134,(anonymous_8)
FN:160,(anonymous_9)
FN:174,(anonymous_10)
FN:179,(anonymous_11)
FN:192,promptFormConfig
FNF:12
FNH:0
FNDA:0,(anonymous_1)
FNDA:0,(anonymous_2)
FNDA:0,(anonymous_3)
FNDA:0,(anonymous_4)
FNDA:0,(anonymous_5)
FNDA:0,(anonymous_6)
FNDA:0,(anonymous_7)
FNDA:0,(anonymous_8)
FNDA:0,(anonymous_9)
FNDA:0,(anonymous_10)
FNDA:0,(anonymous_11)
FNDA:0,promptFormConfig
DA:10,0
DA:11,0
DA:12,0
DA:13,0
DA:14,0
DA:15,0
DA:16,0
DA:18,0
DA:33,0
DA:35,0
DA:36,0
DA:38,0
DA:39,0
DA:42,0
DA:43,0
DA:45,0
DA:46,0
DA:47,0
DA:51,0
DA:52,0
DA:71,0
DA:73,0
DA:74,0
DA:75,0
DA:82,0
DA:83,0
DA:84,0
DA:85,0
DA:88,0
DA:89,0
DA:90,0
DA:92,0
DA:96,0
DA:97,0
DA:116,0
DA:118,0
DA:119,0
DA:120,0
DA:127,0
DA:128,0
DA:129,0
DA:130,0
DA:133,0
DA:134,0
DA:135,0
DA:137,0
DA:141,0
DA:142,0
DA:161,0
DA:163,0
DA:164,0
DA:165,0
DA:172,0
DA:173,0
DA:174,0
DA:175,0
DA:178,0
DA:179,0
DA:180,0
DA:182,0
DA:186,0
DA:187,0
DA:193,0
DA:228,0
DA:229,0
LF:65
LH:0
BRDA:38,0,0,0
BRDA:77,1,0,0
BRDA:77,1,1,0
BRDA:78,2,0,0
BRDA:78,2,1,0
BRDA:79,3,0,0
BRDA:79,3,1,0
BRDA:82,4,0,0
BRDA:82,4,1,0
BRDA:122,5,0,0
BRDA:122,5,1,0
BRDA:123,6,0,0
BRDA:123,6,1,0
BRDA:124,7,0,0
BRDA:124,7,1,0
BRDA:127,8,0,0
BRDA:127,8,1,0
BRDA:167,9,0,0
BRDA:167,9,1,0
BRDA:168,10,0,0
BRDA:168,10,1,0
BRDA:169,11,0,0
BRDA:169,11,1,0
BRDA:172,12,0,0
BRDA:172,12,1,0
BRDA:198,13,0,0
BRDA:198,13,1,0
BRDA:205,14,0,0
BRDA:205,14,1,0
BRDA:212,15,0,0
BRDA:212,15,1,0
BRDA:218,16,0,0
BRDA:218,16,1,0
BRDA:224,17,0,0
BRDA:224,17,1,0
BRF:35
BRH:0
end_of_record
TN:
SF:src/commands/knowledge.ts
FN:24,(anonymous_10)
FN:40,(anonymous_11)
FN:41,(anonymous_12)
FN:79,(anonymous_13)
FN:84,(anonymous_14)
FN:91,(anonymous_15)
FN:128,(anonymous_16)
FN:146,(anonymous_17)
FN:165,(anonymous_18)
FN:170,(anonymous_19)
FN:191,(anonymous_20)
FN:228,determineCategory
FN:242,transformToKnowledgeFormat
FN:243,(anonymous_23)
FN:263,generateAIHints
FN:283,generateMarkdown
FN:289,(anonymous_26)
FN:296,(anonymous_27)
FN:299,(anonymous_28)
FN:305,(anonymous_29)
FN:313,(anonymous_30)
FN:324,generateHTML
FN:346,(anonymous_32)
FN:352,(anonymous_33)
FN:355,(anonymous_34)
FN:361,(anonymous_35)
FNF:26
FNH:0
FNDA:0,(anonymous_10)
FNDA:0,(anonymous_11)
FNDA:0,(anonymous_12)
FNDA:0,(anonymous_13)
FNDA:0,(anonymous_14)
FNDA:0,(anonymous_15)
FNDA:0,(anonymous_16)
FNDA:0,(anonymous_17)
FNDA:0,(anonymous_18)
FNDA:0,(anonymous_19)
FNDA:0,(anonymous_20)
FNDA:0,determineCategory
FNDA:0,transformToKnowledgeFormat
FNDA:0,(anonymous_23)
FNDA:0,generateAIHints
FNDA:0,generateMarkdown
FNDA:0,(anonymous_26)
FNDA:0,(anonymous_27)
FNDA:0,(anonymous_28)
FNDA:0,(anonymous_29)
FNDA:0,(anonymous_30)
FNDA:0,generateHTML
FNDA:0,(anonymous_32)
FNDA:0,(anonymous_33)
FNDA:0,(anonymous_34)
FNDA:0,(anonymous_35)
DA:5,0
DA:6,0
DA:7,0
DA:8,0
DA:9,0
DA:10,0
DA:11,0
DA:13,0
DA:16,0
DA:25,0
DA:27,0
DA:28,0
DA:29,0
DA:32,0
DA:33,0
DA:34,0
DA:37,0
DA:40,0
DA:41,0
DA:43,0
DA:49,0
DA:51,0
DA:52,0
DA:55,0
DA:56,0
DA:57,0
DA:59,0
DA:60,0
DA:69,0
DA:73,0
DA:76,0
DA:77,0
DA:79,0
DA:80,0
DA:81,0
DA:84,0
DA:85,0
DA:88,0
DA:89,0
DA:90,0
DA:91,0
DA:96,0
DA:97,0
DA:102,0
DA:112,0
DA:113,0
DA:115,0
DA:119,0
DA:120,0
DA:124,0
DA:129,0
DA:131,0
DA:132,0
DA:133,0
DA:136,0
DA:137,0
DA:138,0
DA:141,0
DA:142,0
DA:146,0
DA:147,0
DA:148,0
DA:150,0
DA:151,0
DA:153,0
DA:154,0
DA:158,0
DA:160,0
DA:161,0
DA:163,0
DA:164,0
DA:165,0
DA:168,0
DA:169,0
DA:170,0
DA:173,0
DA:175,0
DA:181,0
DA:182,0
DA:186,0
DA:192,0
DA:193,0
DA:194,0
DA:197,0
DA:198,0
DA:200,0
DA:202,0
DA:203,0
DA:204,0
DA:207,0
DA:208,0
DA:209,0
DA:212,0
DA:213,0
DA:216,0
DA:219,0
DA:222,0
DA:223,0
DA:229,0
DA:232,0
DA:233,0
DA:234,0
DA:235,0
DA:236,0
DA:237,0
DA:239,0
DA:243,0
DA:244,0
DA:246,0
DA:259,0
DA:264,0
DA:266,0
DA:267,0
DA:268,0
DA:271,0
DA:272,0
DA:273,0
DA:276,0
DA:277,0
DA:280,0
DA:284,0
DA:285,0
DA:288,0
DA:289,0
DA:290,0
DA:291,0
DA:292,0
DA:296,0
DA:297,0
DA:299,0
DA:300,0
DA:301,0
DA:303,0
DA:304,0
DA:305,0
DA:306,0
DA:308,0
DA:311,0
DA:312,0
DA:313,0
DA:314,0
DA:316,0
DA:321,0
DA:326,0
DA:345,0
DA:346,0
DA:347,0
DA:348,0
DA:349,0
DA:352,0
DA:353,0
DA:355,0
DA:356,0
DA:357,0
DA:359,0
DA:360,0
DA:361,0
DA:362,0
DA:364,0
DA:369,0
DA:370,0
DA:373,0
LF:162
LH:0
BRDA:33,0,0,0
BRDA:59,1,0,0
BRDA:59,2,0,0
BRDA:59,2,1,0
BRDA:61,3,0,0
BRDA:61,3,1,0
BRDA:64,4,0,0
BRDA:64,4,1,0
BRDA:80,5,0,0
BRDA:80,5,1,0
BRDA:88,6,0,0
BRDA:90,7,0,0
BRDA:96,8,0,0
BRDA:96,8,1,0
BRDA:97,9,0,0
BRDA:97,9,1,0
BRDA:97,10,0,0
BRDA:97,10,1,0
BRDA:128,11,0,0
BRDA:132,12,0,0
BRDA:141,13,0,0
BRDA:141,14,0,0
BRDA:141,14,1,0
BRDA:146,15,0,0
BRDA:146,15,1,0
BRDA:147,16,0,0
BRDA:150,17,0,0
BRDA:150,18,0,0
BRDA:150,18,1,0
BRDA:153,19,0,0
BRDA:160,20,0,0
BRDA:160,20,1,0
BRDA:160,21,0,0
BRDA:160,21,1,0
BRDA:163,22,0,0
BRDA:168,23,0,0
BRDA:173,24,0,0
BRDA:173,25,0,0
BRDA:173,25,1,0
BRDA:191,26,0,0
BRDA:193,27,0,0
BRDA:198,28,0,0
BRDA:198,28,1,0
BRDA:200,29,0,0
BRDA:200,29,1,0
BRDA:200,29,2,0
BRDA:200,29,3,0
BRDA:232,30,0,0
BRDA:232,31,0,0
BRDA:232,31,1,0
BRDA:233,32,0,0
BRDA:233,33,0,0
BRDA:233,33,1,0
BRDA:234,34,0,0
BRDA:234,35,0,0
BRDA:234,35,1,0
BRDA:235,36,0,0
BRDA:235,37,0,0
BRDA:235,37,1,0
BRDA:236,38,0,0
BRDA:236,39,0,0
BRDA:236,39,1,0
BRDA:237,40,0,0
BRDA:237,41,0,0
BRDA:237,41,1,0
BRDA:249,42,0,0
BRDA:249,42,1,0
BRDA:250,43,0,0
BRDA:250,43,1,0
BRDA:251,44,0,0
BRDA:251,44,1,0
BRDA:252,45,0,0
BRDA:252,45,1,0
BRDA:253,46,0,0
BRDA:253,46,1,0
BRDA:266,47,0,0
BRDA:271,48,0,0
BRDA:276,49,0,0
BRDA:289,50,0,0
BRDA:289,50,1,0
BRDA:290,51,0,0
BRDA:290,51,1,0
BRDA:291,52,0,0
BRDA:301,53,0,0
BRDA:301,53,1,0
BRDA:303,54,0,0
BRDA:303,55,0,0
BRDA:303,55,1,0
BRDA:306,56,0,0
BRDA:306,56,1,0
BRDA:306,57,0,0
BRDA:306,57,1,0
BRDA:311,58,0,0
BRDA:311,59,0,0
BRDA:311,59,1,0
BRDA:346,60,0,0
BRDA:346,60,1,0
BRDA:347,61,0,0
BRDA:347,61,1,0
BRDA:348,62,0,0
BRDA:357,63,0,0
BRDA:357,63,1,0
BRDA:359,64,0,0
BRDA:359,65,0,0
BRDA:359,65,1,0
BRDA:362,66,0,0
BRDA:362,66,1,0
BRDA:362,67,0,0
BRDA:362,67,1,0
BRF:109
BRH:0
end_of_record
TN:
SF:src/commands/query.ts
FN:23,(anonymous_1)
FN:66,(anonymous_2)
FN:86,(anonymous_3)
FN:104,(anonymous_4)
FN:119,displayComponentInfo
FN:125,(anonymous_6)
FN:135,(anonymous_7)
FN:143,(anonymous_8)
FN:149,displayPatterns
FN:152,(anonymous_10)
FN:160,displayExamples
FN:163,(anonymous_12)
FN:173,displaySearchResults
FN:178,(anonymous_14)
FN:185,(anonymous_15)
FN:192,(anonymous_16)
FNF:16
FNH:0
FNDA:0,(anonymous_1)
FNDA:0,(anonymous_2)
FNDA:0,(anonymous_3)
FNDA:0,(anonymous_4)
FNDA:0,displayComponentInfo
FNDA:0,(anonymous_6)
FNDA:0,(anonymous_7)
FNDA:0,(anonymous_8)
FNDA:0,displayPatterns
FNDA:0,(anonymous_10)
FNDA:0,displayExamples
FNDA:0,(anonymous_12)
FNDA:0,displaySearchResults
FNDA:0,(anonymous_14)
FNDA:0,(anonymous_15)
FNDA:0,(anonymous_16)
DA:10,0
DA:11,0
DA:13,0
DA:15,0
DA:24,0
DA:25,0
DA:28,0
DA:29,0
DA:30,0
DA:32,0
DA:33,0
DA:34,0
DA:36,0
DA:37,0
DA:38,0
DA:39,0
DA:40,0
DA:42,0
DA:45,0
DA:46,0
DA:47,0
DA:50,0
DA:52,0
DA:53,0
DA:55,0
DA:57,0
DA:67,0
DA:69,0
DA:70,0
DA:71,0
DA:73,0
DA:75,0
DA:76,0
DA:87,0
DA:89,0
DA:90,0
DA:91,0
DA:93,0
DA:95,0
DA:96,0
DA:105,0
DA:107,0
DA:108,0
DA:109,0
DA:111,0
DA:113,0
DA:114,0
DA:120,0
DA:121,0
DA:123,0
DA:124,0
DA:125,0
DA:126,0
DA:127,0
DA:128,0
DA:133,0
DA:134,0
DA:135,0
DA:136,0
DA:137,0
DA:141,0
DA:142,0
DA:143,0
DA:144,0
DA:150,0
DA:152,0
DA:153,0
DA:154,0
DA:155,0
DA:156,0
DA:161,0
DA:163,0
DA:164,0
DA:165,0
DA:166,0
DA:167,0
DA:168,0
DA:174,0
DA:176,0
DA:177,0
DA:178,0
DA:179,0
DA:183,0
DA:184,0
DA:185,0
DA:186,0
DA:190,0
DA:191,0
DA:192,0
DA:193,0
LF:90
LH:0
BRDA:24,0,0,0
BRDA:32,1,0,0
BRDA:33,2,0,0
BRDA:33,2,1,0
BRDA:45,3,0,0
BRDA:52,4,0,0
BRDA:52,4,1,0
BRDA:119,5,0,0
BRDA:123,6,0,0
BRDA:126,7,0,0
BRDA:126,7,1,0
BRDA:127,8,0,0
BRDA:133,9,0,0
BRDA:141,10,0,0
BRDA:141,11,0,0
BRDA:141,11,1,0
BRDA:167,12,0,0
BRDA:176,13,0,0
BRDA:183,14,0,0
BRDA:190,15,0,0
BRF:20
BRH:0
end_of_record
TN:
SF:src/commands/validate.ts
FN:24,(anonymous_10)
FN:59,(anonymous_11)
FN:93,(anonymous_12)
FN:128,(anonymous_13)
FN:143,displayValidationResult
FN:162,(anonymous_15)
FN:171,(anonymous_16)
FN:184,displayBatchValidationResults
FN:187,(anonymous_18)
FN:188,(anonymous_19)
FN:195,(anonymous_20)
FN:197,(anonymous_21)
FN:204,(anonymous_22)
FN:205,(anonymous_23)
FN:206,(anonymous_24)
FN:214,getRecentlyGeneratedFiles
FN:225,(anonymous_26)
FN:226,(anonymous_27)
FNF:18
FNH:0
FNDA:0,(anonymous_10)
FNDA:0,(anonymous_11)
FNDA:0,(anonymous_12)
FNDA:0,(anonymous_13)
FNDA:0,displayValidationResult
FNDA:0,(anonymous_15)
FNDA:0,(anonymous_16)
FNDA:0,displayBatchValidationResults
FNDA:0,(anonymous_18)
FNDA:0,(anonymous_19)
FNDA:0,(anonymous_20)
FNDA:0,(anonymous_21)
FNDA:0,(anonymous_22)
FNDA:0,(anonymous_23)
FNDA:0,(anonymous_24)
FNDA:0,getRecentlyGeneratedFiles
FNDA:0,(anonymous_26)
FNDA:0,(anonymous_27)
DA:10,0
DA:11,0
DA:12,0
DA:13,0
DA:14,0
DA:16,0
DA:25,0
DA:26,0
DA:29,0
DA:30,0
DA:31,0
DA:33,0
DA:34,0
DA:36,0
DA:40,0
DA:41,0
DA:44,0
DA:45,0
DA:47,0
DA:49,0
DA:60,0
DA:61,0
DA:64,0
DA:65,0
DA:66,0
DA:68,0
DA:69,0
DA:71,0
DA:75,0
DA:76,0
DA:79,0
DA:80,0
DA:82,0
DA:84,0
DA:94,0
DA:95,0
DA:98,0
DA:101,0
DA:103,0
DA:104,0
DA:105,0
DA:107,0
DA:108,0
DA:110,0
DA:113,0
DA:114,0
DA:116,0
DA:117,0
DA:118,0
DA:121,0
DA:122,0
DA:124,0
DA:128,0
DA:129,0
DA:130,0
DA:133,0
DA:134,0
DA:136,0
DA:138,0
DA:144,0
DA:145,0
DA:146,0
DA:148,0
DA:151,0
DA:152,0
DA:153,0
DA:154,0
DA:155,0
DA:156,0
DA:157,0
DA:160,0
DA:161,0
DA:162,0
DA:163,0
DA:164,0
DA:169,0
DA:170,0
DA:171,0
DA:172,0
DA:173,0
DA:174,0
DA:179,0
DA:180,0
DA:185,0
DA:187,0
DA:188,0
DA:190,0
DA:191,0
DA:193,0
DA:194,0
DA:195,0
DA:196,0
DA:197,0
DA:198,0
DA:204,0
DA:205,0
DA:206,0
DA:208,0
DA:209,0
DA:210,0
DA:211,0
DA:217,0
DA:218,0
DA:220,0
DA:221,0
DA:222,0
DA:223,0
DA:224,0
DA:225,0
DA:226,0
DA:227,0
DA:234,0
LF:112
LH:0
BRDA:25,0,0,0
BRDA:33,1,0,0
BRDA:33,1,1,0
BRDA:40,2,0,0
BRDA:44,3,0,0
BRDA:44,3,1,0
BRDA:60,4,0,0
BRDA:68,5,0,0
BRDA:68,5,1,0
BRDA:75,6,0,0
BRDA:79,7,0,0
BRDA:79,7,1,0
BRDA:94,8,0,0
BRDA:103,9,0,0
BRDA:104,10,0,0
BRDA:104,10,1,0
BRDA:121,11,0,0
BRDA:121,11,1,0
BRDA:129,12,0,0
BRDA:133,13,0,0
BRDA:133,13,1,0
BRDA:144,14,0,0
BRDA:144,14,1,0
BRDA:145,15,0,0
BRDA:145,15,1,0
BRDA:146,16,0,0
BRDA:146,16,1,0
BRDA:157,17,0,0
BRDA:157,17,1,0
BRDA:160,18,0,0
BRDA:163,19,0,0
BRDA:163,19,1,0
BRDA:163,20,0,0
BRDA:163,20,1,0
BRDA:169,21,0,0
BRDA:173,22,0,0
BRDA:179,23,0,0
BRDA:179,24,0,0
BRDA:179,24,1,0
BRDA:179,24,2,0
BRDA:193,25,0,0
BRDA:222,26,0,0
BRDA:225,27,0,0
BRDA:225,27,1,0
BRF:44
BRH:0
end_of_record
TN:
SF:src/generators/BoilerplateGenerator.ts
FN:51,(anonymous_10)
FN:56,(anonymous_11)
FN:58,(anonymous_12)
FN:63,(anonymous_13)
FN:68,(anonymous_14)
FN:73,(anonymous_15)
FN:78,(anonymous_16)
FN:83,(anonymous_17)
FN:88,(anonymous_18)
FN:107,(anonymous_19)
FN:123,(anonymous_20)
FN:183,(anonymous_21)
FN:184,(anonymous_22)
FN:196,(anonymous_23)
FN:197,(anonymous_24)
FN:219,(anonymous_25)
FN:264,(anonymous_26)
FN:286,(anonymous_27)
FN:326,(anonymous_28)
FNF:19
FNH:0
FNDA:0,(anonymous_10)
FNDA:0,(anonymous_11)
FNDA:0,(anonymous_12)
FNDA:0,(anonymous_13)
FNDA:0,(anonymous_14)
FNDA:0,(anonymous_15)
FNDA:0,(anonymous_16)
FNDA:0,(anonymous_17)
FNDA:0,(anonymous_18)
FNDA:0,(anonymous_19)
FNDA:0,(anonymous_20)
FNDA:0,(anonymous_21)
FNDA:0,(anonymous_22)
FNDA:0,(anonymous_23)
FNDA:0,(anonymous_24)
FNDA:0,(anonymous_25)
FNDA:0,(anonymous_26)
FNDA:0,(anonymous_27)
FNDA:0,(anonymous_28)
DA:5,0
DA:6,0
DA:7,0
DA:8,0
DA:9,0
DA:48,0
DA:52,0
DA:53,0
DA:58,0
DA:59,0
DA:63,0
DA:64,0
DA:68,0
DA:69,0
DA:73,0
DA:74,0
DA:78,0
DA:79,0
DA:83,0
DA:84,0
DA:89,0
DA:90,0
DA:91,0
DA:93,0
DA:94,0
DA:95,0
DA:96,0
DA:100,0
DA:102,0
DA:103,0
DA:108,0
DA:109,0
DA:111,0
DA:112,0
DA:115,0
DA:116,0
DA:118,0
DA:119,0
DA:129,0
DA:131,0
DA:132,0
DA:133,0
DA:140,0
DA:142,0
DA:143,0
DA:149,0
DA:152,0
DA:155,0
DA:164,0
DA:167,0
DA:169,0
DA:176,0
DA:184,0
DA:193,0
DA:197,0
DA:198,0
DA:200,0
DA:201,0
DA:203,0
DA:204,0
DA:206,0
DA:208,0
DA:209,0
DA:211,0
DA:215,0
DA:220,0
DA:221,0
DA:224,0
DA:225,0
DA:230,0
DA:231,0
DA:232,0
DA:235,0
DA:240,0
DA:242,0
DA:244,0
DA:245,0
DA:246,0
DA:252,0
DA:255,0
DA:258,0
DA:261,0
DA:269,0
DA:270,0
DA:272,0
DA:273,0
DA:275,0
DA:276,0
DA:277,0
DA:278,0
DA:282,0
DA:287,0
DA:289,0
DA:290,0
DA:293,0
DA:294,0
DA:295,0
DA:299,0
DA:300,0
DA:301,0
DA:303,0
DA:304,0
DA:305,0
DA:306,0
DA:309,0
DA:314,0
DA:315,0
DA:316,0
DA:320,0
DA:323,0
DA:331,0
DA:332,0
DA:334,0
DA:335,0
DA:342,0
DA:343,0
DA:344,0
DA:347,0
DA:350,0
DA:363,0
DA:365,0
DA:372,0
LF:122
LH:0
BRDA:51,0,0,0
BRDA:59,1,0,0
BRDA:59,1,1,0
BRDA:68,2,0,0
BRDA:69,3,0,0
BRDA:69,3,1,0
BRDA:95,4,0,0
BRDA:111,5,0,0
BRDA:132,6,0,0
BRDA:142,7,0,0
BRDA:152,8,0,0
BRDA:152,8,1,0
BRDA:159,9,0,0
BRDA:159,9,1,0
BRDA:185,10,0,0
BRDA:185,10,1,0
BRDA:190,11,0,0
BRDA:190,11,1,0
BRDA:201,12,0,0
BRDA:201,12,1,0
BRDA:203,13,0,0
BRDA:203,14,0,0
BRDA:203,14,1,0
BRDA:208,15,0,0
BRDA:237,16,0,0
BRDA:237,16,1,0
BRDA:242,17,0,0
BRDA:242,17,1,0
BRDA:272,18,0,0
BRDA:275,19,0,0
BRDA:275,19,1,0
BRDA:277,20,0,0
BRDA:277,21,0,0
BRDA:277,21,1,0
BRDA:293,22,0,0
BRDA:300,23,0,0
BRDA:300,23,1,0
BRDA:305,24,0,0
BRDA:305,25,0,0
BRDA:305,25,1,0
BRDA:315,26,0,0
BRDA:334,27,0,0
BRF:42
BRH:0
end_of_record
TN:
SF:src/generators/ComponentGenerator.ts
FN:47,(anonymous_10)
FN:51,(anonymous_11)
FN:87,(anonymous_12)
FN:88,(anonymous_13)
FN:102,(anonymous_14)
FN:103,(anonymous_15)
FN:112,(anonymous_16)
FN:128,(anonymous_17)
FN:134,(anonymous_18)
FN:138,(anonymous_19)
FN:169,(anonymous_20)
FN:172,(anonymous_21)
FN:181,(anonymous_22)
FN:183,(anonymous_23)
FN:184,(anonymous_24)
FN:190,(anonymous_25)
FN:202,(anonymous_26)
FN:213,(anonymous_27)
FN:223,(anonymous_28)
FN:233,(anonymous_29)
FN:238,(anonymous_30)
FN:240,(anonymous_31)
FN:244,(anonymous_32)
FN:260,(anonymous_33)
FN:313,(anonymous_34)
FN:370,(anonymous_35)
FN:413,(anonymous_36)
FN:476,(anonymous_37)
FN:511,(anonymous_38)
FN:560,(anonymous_39)
FNF:30
FNH:0
FNDA:0,(anonymous_10)
FNDA:0,(anonymous_11)
FNDA:0,(anonymous_12)
FNDA:0,(anonymous_13)
FNDA:0,(anonymous_14)
FNDA:0,(anonymous_15)
FNDA:0,(anonymous_16)
FNDA:0,(anonymous_17)
FNDA:0,(anonymous_18)
FNDA:0,(anonymous_19)
FNDA:0,(anonymous_20)
FNDA:0,(anonymous_21)
FNDA:0,(anonymous_22)
FNDA:0,(anonymous_23)
FNDA:0,(anonymous_24)
FNDA:0,(anonymous_25)
FNDA:0,(anonymous_26)
FNDA:0,(anonymous_27)
FNDA:0,(anonymous_28)
FNDA:0,(anonymous_29)
FNDA:0,(anonymous_30)
FNDA:0,(anonymous_31)
FNDA:0,(anonymous_32)
FNDA:0,(anonymous_33)
FNDA:0,(anonymous_34)
FNDA:0,(anonymous_35)
FNDA:0,(anonymous_36)
FNDA:0,(anonymous_37)
FNDA:0,(anonymous_38)
FNDA:0,(anonymous_39)
DA:7,0
DA:8,0
DA:9,0
DA:44,0
DA:48,0
DA:52,0
DA:53,0
DA:54,0
DA:55,0
DA:56,0
DA:59,0
DA:60,0
DA:63,0
DA:64,0
DA:65,0
DA:69,0
DA:70,0
DA:71,0
DA:74,0
DA:79,0
DA:88,0
DA:89,0
DA:90,0
DA:91,0
DA:93,0
DA:103,0
DA:104,0
DA:105,0
DA:113,0
DA:129,0
DA:132,0
DA:134,0
DA:135,0
DA:138,0
DA:139,0
DA:142,0
DA:143,0
DA:146,0
DA:147,0
DA:149,0
DA:150,0
DA:154,0
DA:156,0
DA:157,0
DA:159,0
DA:160,0
DA:162,0
DA:163,0
DA:166,0
DA:170,0
DA:172,0
DA:173,0
DA:174,0
DA:175,0
DA:178,0
DA:182,0
DA:183,0
DA:184,0
DA:187,0
DA:191,0
DA:192,0
DA:193,0
DA:194,0
DA:195,0
DA:196,0
DA:197,0
DA:198,0
DA:203,0
DA:204,0
DA:206,0
DA:207,0
DA:208,0
DA:210,0
DA:214,0
DA:215,0
DA:217,0
DA:218,0
DA:220,0
DA:224,0
DA:225,0
DA:227,0
DA:228,0
DA:230,0
DA:235,0
DA:240,0
DA:241,0
DA:244,0
DA:245,0
DA:248,0
DA:257,0
DA:261,0
DA:314,0
DA:371,0
DA:414,0
DA:477,0
DA:512,0
DA:561,0
LF:97
LH:0
BRDA:47,0,0,0
BRDA:53,1,0,0
BRDA:53,1,1,0
BRDA:54,2,0,0
BRDA:54,2,1,0
BRDA:63,3,0,0
BRDA:69,4,0,0
BRDA:90,5,0,0
BRDA:104,6,0,0
BRDA:134,7,0,0
BRDA:134,8,0,0
BRDA:134,8,1,0
BRDA:138,9,0,0
BRDA:138,10,0,0
BRDA:138,10,1,0
BRDA:142,11,0,0
BRDA:146,12,0,0
BRDA:146,12,1,0
BRDA:154,13,0,0
BRDA:154,13,1,0
BRDA:154,13,2,0
BRDA:170,14,0,0
BRDA:170,15,0,0
BRDA:170,15,1,0
BRDA:173,16,0,0
BRDA:173,16,1,0
BRDA:174,17,0,0
BRDA:174,17,1,0
BRDA:187,18,0,0
BRDA:187,18,1,0
BRDA:191,19,0,0
BRDA:191,19,1,0
BRDA:191,19,2,0
BRDA:191,19,3,0
BRDA:191,19,4,0
BRDA:191,19,5,0
BRDA:191,19,6,0
BRDA:257,20,0,0
BRDA:257,20,1,0
BRF:39
BRH:0
end_of_record
TN:
SF:src/generators/FormGenerator.ts
FN:39,(anonymous_10)
FN:43,(anonymous_11)
FN:76,(anonymous_12)
FN:84,(anonymous_13)
FN:98,(anonymous_14)
FN:106,(anonymous_15)
FN:112,(anonymous_16)
FN:128,(anonymous_17)
FN:143,(anonymous_18)
FN:157,(anonymous_19)
FN:168,(anonymous_20)
FN:184,(anonymous_21)
FN:269,(anonymous_22)
FN:312,(anonymous_23)
FN:350,(anonymous_24)
FN:354,(anonymous_25)
FN:363,(anonymous_26)
FN:366,(anonymous_27)
FN:388,(anonymous_28)
FN:397,(anonymous_29)
FNF:20
FNH:0
FNDA:0,(anonymous_10)
FNDA:0,(anonymous_11)
FNDA:0,(anonymous_12)
FNDA:0,(anonymous_13)
FNDA:0,(anonymous_14)
FNDA:0,(anonymous_15)
FNDA:0,(anonymous_16)
FNDA:0,(anonymous_17)
FNDA:0,(anonymous_18)
FNDA:0,(anonymous_19)
FNDA:0,(anonymous_20)
FNDA:0,(anonymous_21)
FNDA:0,(anonymous_22)
FNDA:0,(anonymous_23)
FNDA:0,(anonymous_24)
FNDA:0,(anonymous_25)
FNDA:0,(anonymous_26)
FNDA:0,(anonymous_27)
FNDA:0,(anonymous_28)
FNDA:0,(anonymous_29)
DA:7,0
DA:8,0
DA:9,0
DA:36,0
DA:40,0
DA:44,0
DA:45,0
DA:46,0
DA:47,0
DA:50,0
DA:51,0
DA:54,0
DA:55,0
DA:56,0
DA:60,0
DA:61,0
DA:62,0
DA:65,0
DA:68,0
DA:77,0
DA:78,0
DA:84,0
DA:85,0
DA:87,0
DA:99,0
DA:106,0
DA:113,0
DA:114,0
DA:115,0
DA:116,0
DA:118,0
DA:119,0
DA:120,0
DA:122,0
DA:123,0
DA:125,0
DA:129,0
DA:130,0
DA:131,0
DA:133,0
DA:134,0
DA:135,0
DA:137,0
DA:138,0
DA:140,0
DA:144,0
DA:145,0
DA:146,0
DA:148,0
DA:149,0
DA:151,0
DA:152,0
DA:154,0
DA:158,0
DA:160,0
DA:161,0
DA:165,0
DA:169,0
DA:170,0
DA:173,0
DA:174,0
DA:177,0
DA:178,0
DA:181,0
DA:185,0
DA:270,0
DA:313,0
DA:351,0
DA:354,0
DA:355,0
DA:356,0
DA:357,0
DA:360,0
DA:364,0
DA:366,0
DA:367,0
DA:369,0
DA:370,0
DA:373,0
DA:374,0
DA:377,0
DA:378,0
DA:379,0
DA:382,0
DA:385,0
DA:389,0
DA:390,0
DA:391,0
DA:392,0
DA:393,0
DA:398,0
LF:91
LH:0
BRDA:39,0,0,0
BRDA:54,1,0,0
BRDA:60,2,0,0
BRDA:77,3,0,0
BRDA:85,4,0,0
BRDA:118,5,0,0
BRDA:118,5,1,0
BRDA:133,6,0,0
BRDA:133,6,1,0
BRDA:160,7,0,0
BRDA:169,8,0,0
BRDA:173,9,0,0
BRDA:177,10,0,0
BRDA:355,11,0,0
BRDA:356,12,0,0
BRDA:357,13,0,0
BRDA:364,14,0,0
BRDA:369,15,0,0
BRDA:373,16,0,0
BRDA:377,17,0,0
BRDA:379,18,0,0
BRDA:389,19,0,0
BRDA:389,19,1,0
BRDA:389,19,2,0
BRDA:389,19,3,0
BRF:25
BRH:0
end_of_record
TN:
SF:src/generators/PageGenerator.ts
FN:39,(anonymous_10)
FN:43,(anonymous_11)
FN:78,(anonymous_12)
FN:79,(anonymous_13)
FN:88,(anonymous_14)
FN:104,(anonymous_15)
FN:136,(anonymous_16)
FN:143,(anonymous_17)
FN:154,(anonymous_18)
FN:165,(anonymous_19)
FN:175,(anonymous_20)
FN:185,(anonymous_21)
FN:190,(anonymous_22)
FN:203,(anonymous_23)
FN:265,(anonymous_24)
FN:329,(anonymous_25)
FN:377,(anonymous_26)
FN:461,(anonymous_27)
FN:493,(anonymous_28)
FN:537,(anonymous_29)
FNF:20
FNH:0
FNDA:0,(anonymous_10)
FNDA:0,(anonymous_11)
FNDA:0,(anonymous_12)
FNDA:0,(anonymous_13)
FNDA:0,(anonymous_14)
FNDA:0,(anonymous_15)
FNDA:0,(anonymous_16)
FNDA:0,(anonymous_17)
FNDA:0,(anonymous_18)
FNDA:0,(anonymous_19)
FNDA:0,(anonymous_20)
FNDA:0,(anonymous_21)
FNDA:0,(anonymous_22)
FNDA:0,(anonymous_23)
FNDA:0,(anonymous_24)
FNDA:0,(anonymous_25)
FNDA:0,(anonymous_26)
FNDA:0,(anonymous_27)
FNDA:0,(anonymous_28)
FNDA:0,(anonymous_29)
DA:7,0
DA:8,0
DA:9,0
DA:36,0
DA:40,0
DA:44,0
DA:45,0
DA:46,0
DA:47,0
DA:50,0
DA:51,0
DA:54,0
DA:55,0
DA:56,0
DA:60,0
DA:61,0
DA:62,0
DA:65,0
DA:70,0
DA:79,0
DA:80,0
DA:81,0
DA:89,0
DA:105,0
DA:110,0
DA:112,0
DA:113,0
DA:115,0
DA:116,0
DA:118,0
DA:119,0
DA:121,0
DA:122,0
DA:126,0
DA:127,0
DA:131,0
DA:132,0
DA:136,0
DA:137,0
DA:140,0
DA:144,0
DA:146,0
DA:151,0
DA:155,0
DA:156,0
DA:158,0
DA:159,0
DA:160,0
DA:162,0
DA:166,0
DA:167,0
DA:169,0
DA:170,0
DA:172,0
DA:176,0
DA:177,0
DA:179,0
DA:180,0
DA:182,0
DA:187,0
DA:191,0
DA:200,0
DA:204,0
DA:266,0
DA:330,0
DA:378,0
DA:462,0
DA:494,0
DA:538,0
LF:69
LH:0
BRDA:39,0,0,0
BRDA:45,1,0,0
BRDA:45,1,1,0
BRDA:54,2,0,0
BRDA:60,3,0,0
BRDA:80,4,0,0
BRDA:92,5,0,0
BRDA:92,5,1,0
BRDA:110,6,0,0
BRDA:110,6,1,0
BRDA:110,6,2,0
BRDA:110,6,3,0
BRDA:126,7,0,0
BRDA:131,8,0,0
BRDA:144,9,0,0
BRDA:200,10,0,0
BRDA:200,10,1,0
BRF:17
BRH:0
end_of_record
TN:
SF:src/generators/ViewGenerator.ts
FN:43,(anonymous_10)
FN:47,(anonymous_11)
FN:82,(anonymous_12)
FN:83,(anonymous_13)
FN:95,(anonymous_14)
FN:106,(anonymous_15)
FN:121,(anonymous_16)
FN:145,(anonymous_17)
FN:148,(anonymous_18)
FN:156,(anonymous_19)
FN:166,(anonymous_20)
FN:177,(anonymous_21)
FN:187,(anonymous_22)
FN:197,(anonymous_23)
FN:208,(anonymous_24)
FN:220,(anonymous_25)
FN:290,(anonymous_26)
FN:351,(anonymous_27)
FN:407,(anonymous_28)
FN:432,(anonymous_29)
FN:473,(anonymous_30)
FNF:21
FNH:0
FNDA:0,(anonymous_10)
FNDA:0,(anonymous_11)
FNDA:0,(anonymous_12)
FNDA:0,(anonymous_13)
FNDA:0,(anonymous_14)
FNDA:0,(anonymous_15)
FNDA:0,(anonymous_16)
FNDA:0,(anonymous_17)
FNDA:0,(anonymous_18)
FNDA:0,(anonymous_19)
FNDA:0,(anonymous_20)
FNDA:0,(anonymous_21)
FNDA:0,(anonymous_22)
FNDA:0,(anonymous_23)
FNDA:0,(anonymous_24)
FNDA:0,(anonymous_25)
FNDA:0,(anonymous_26)
FNDA:0,(anonymous_27)
FNDA:0,(anonymous_28)
FNDA:0,(anonymous_29)
FNDA:0,(anonymous_30)
DA:7,0
DA:8,0
DA:9,0
DA:10,0
DA:40,0
DA:44,0
DA:48,0
DA:49,0
DA:50,0
DA:51,0
DA:54,0
DA:55,0
DA:58,0
DA:59,0
DA:60,0
DA:64,0
DA:65,0
DA:66,0
DA:69,0
DA:74,0
DA:83,0
DA:84,0
DA:85,0
DA:97,0
DA:103,0
DA:107,0
DA:122,0
DA:126,0
DA:128,0
DA:129,0
DA:131,0
DA:132,0
DA:134,0
DA:135,0
DA:138,0
DA:139,0
DA:142,0
DA:146,0
DA:148,0
DA:149,0
DA:150,0
DA:153,0
DA:157,0
DA:158,0
DA:159,0
DA:160,0
DA:161,0
DA:162,0
DA:167,0
DA:168,0
DA:170,0
DA:171,0
DA:172,0
DA:174,0
DA:178,0
DA:179,0
DA:181,0
DA:182,0
DA:184,0
DA:188,0
DA:189,0
DA:191,0
DA:192,0
DA:194,0
DA:198,0
DA:200,0
DA:203,0
DA:204,0
DA:209,0
DA:217,0
DA:221,0
DA:291,0
DA:352,0
DA:408,0
DA:433,0
DA:474,0
LF:76
LH:0
BRDA:43,0,0,0
BRDA:49,1,0,0
BRDA:49,1,1,0
BRDA:58,2,0,0
BRDA:64,3,0,0
BRDA:84,4,0,0
BRDA:126,5,0,0
BRDA:126,5,1,0
BRDA:126,5,2,0
BRDA:138,6,0,0
BRDA:146,7,0,0
BRDA:149,8,0,0
BRDA:149,8,1,0
BRDA:157,9,0,0
BRDA:157,9,1,0
BRDA:157,9,2,0
BRDA:157,9,3,0
BRDA:157,9,4,0
BRDA:217,10,0,0
BRDA:217,10,1,0
BRF:20
BRH:0
end_of_record
TN:
SF:src/knowledge/KnowledgeBase.ts
FN:59,(anonymous_9)
FN:63,(anonymous_10)
FN:68,(anonymous_11)
FN:77,(anonymous_12)
FN:84,(anonymous_13)
FN:91,(anonymous_14)
FN:97,(anonymous_15)
FN:101,(anonymous_16)
FN:106,(anonymous_17)
FN:119,(anonymous_18)
FN:127,(anonymous_19)
FN:129,(anonymous_20)
FN:137,(anonymous_21)
FN:139,(anonymous_22)
FN:149,(anonymous_23)
FN:157,(anonymous_24)
FN:171,(anonymous_25)
FN:190,(anonymous_26)
FN:292,(anonymous_27)
FN:297,(anonymous_28)
FNF:20
FNH:13
FNDA:6,(anonymous_9)
FNDA:0,(anonymous_10)
FNDA:4,(anonymous_11)
FNDA:3,(anonymous_12)
FNDA:2,(anonymous_13)
FNDA:4,(anonymous_14)
FNDA:5,(anonymous_15)
FNDA:1,(anonymous_16)
FNDA:0,(anonymous_17)
FNDA:1,(anonymous_18)
FNDA:0,(anonymous_19)
FNDA:0,(anonymous_20)
FNDA:0,(anonymous_21)
FNDA:0,(anonymous_22)
FNDA:4,(anonymous_23)
FNDA:0,(anonymous_24)
FNDA:2,(anonymous_25)
FNDA:4,(anonymous_26)
FNDA:12,(anonymous_27)
FNDA:2,(anonymous_28)
DA:8,1
DA:9,1
DA:54,1
DA:56,6
DA:57,6
DA:60,6
DA:64,0
DA:65,0
DA:69,4
DA:70,4
DA:73,4
DA:74,4
DA:76,1
DA:77,3
DA:78,1
DA:81,3
DA:85,2
DA:86,2
DA:89,2
DA:91,2
DA:92,4
DA:93,0
DA:96,4
DA:97,5
DA:102,1
DA:105,1
DA:106,0
DA:107,0
DA:108,0
DA:109,0
DA:111,0
DA:116,1
DA:124,1
DA:127,1
DA:128,0
DA:129,0
DA:133,1
DA:136,1
DA:137,1
DA:138,0
DA:139,0
DA:142,1
DA:150,4
DA:151,4
DA:153,4
DA:154,0
DA:156,0
DA:157,0
DA:158,0
DA:163,4
DA:166,0
DA:167,0
DA:172,2
DA:173,2
DA:175,2
DA:176,0
DA:178,0
DA:179,0
DA:182,2
DA:185,0
DA:186,0
DA:192,4
DA:292,4
DA:293,12
DA:298,2
LF:65
LH:42
BRDA:59,0,0,6
BRDA:69,1,0,4
BRDA:74,2,0,1
BRDA:78,3,0,0
BRDA:78,3,1,1
BRDA:78,4,0,0
BRDA:78,4,1,0
BRDA:85,5,0,2
BRDA:92,6,0,0
BRDA:92,7,0,4
BRDA:92,7,1,0
BRDA:107,8,0,0
BRDA:107,9,0,0
BRDA:107,9,1,0
BRDA:108,10,0,0
BRDA:108,11,0,0
BRDA:108,11,1,0
BRDA:153,12,0,0
BRDA:153,12,1,4
BRDA:156,13,0,0
BRDA:175,14,0,0
BRDA:175,14,1,2
BRDA:178,15,0,0
BRF:23
BRH:8
end_of_record
TN:
SF:src/utils/template-loader.ts
FN:13,(anonymous_10)
FN:18,(anonymous_11)
FN:20,(anonymous_12)
FN:25,(anonymous_13)
FN:30,(anonymous_14)
FN:35,(anonymous_15)
FN:40,(anonymous_16)
FN:45,(anonymous_17)
FN:50,(anonymous_18)
FN:58,(anonymous_19)
FN:93,(anonymous_20)
FN:100,(anonymous_21)
FN:105,(anonymous_22)
FN:115,(anonymous_23)
FNF:14
FNH:0
FNDA:0,(anonymous_10)
FNDA:0,(anonymous_11)
FNDA:0,(anonymous_12)
FNDA:0,(anonymous_13)
FNDA:0,(anonymous_14)
FNDA:0,(anonymous_15)
FNDA:0,(anonymous_16)
FNDA:0,(anonymous_17)
FNDA:0,(anonymous_18)
FNDA:0,(anonymous_19)
FNDA:0,(anonymous_20)
FNDA:0,(anonymous_21)
FNDA:0,(anonymous_22)
FNDA:0,(anonymous_23)
DA:5,0
DA:6,0
DA:7,0
DA:9,0
DA:10,0
DA:14,0
DA:15,0
DA:20,0
DA:21,0
DA:25,0
DA:26,0
DA:30,0
DA:31,0
DA:35,0
DA:36,0
DA:40,0
DA:41,0
DA:45,0
DA:46,0
DA:50,0
DA:51,0
DA:52,0
DA:54,0
DA:59,0
DA:62,0
DA:63,0
DA:66,0
DA:68,0
DA:70,0
DA:71,0
DA:72,0
DA:73,0
DA:74,0
DA:78,0
DA:80,0
DA:81,0
DA:82,0
DA:83,0
DA:84,0
DA:87,0
DA:89,0
DA:94,0
DA:95,0
DA:97,0
DA:101,0
DA:106,0
DA:107,0
DA:108,0
DA:110,0
DA:116,0
DA:117,0
DA:119,0
DA:120,0
DA:121,0
DA:122,0
DA:123,0
LF:56
LH:0
BRDA:13,0,0,0
BRDA:41,1,0,0
BRDA:41,1,1,0
BRDA:51,2,0,0
BRDA:62,3,0,0
BRDA:70,4,0,0
BRDA:80,5,0,0
BRDA:97,6,0,0
BRDA:97,6,1,0
BRDA:115,7,0,0
BRDA:116,8,0,0
BRDA:120,9,0,0
BRF:12
BRH:0
end_of_record
TN:
SF:src/validators/CodeValidator.ts
FN:49,(anonymous_10)
FN:56,(anonymous_11)
FN:77,(anonymous_12)
FN:119,(anonymous_13)
FN:127,(anonymous_14)
FN:173,(anonymous_15)
FN:177,(anonymous_16)
FN:181,(anonymous_17)
FN:186,(anonymous_18)
FN:192,(anonymous_19)
FN:210,(anonymous_20)
FN:215,(anonymous_21)
FN:221,(anonymous_22)
FN:239,(anonymous_23)
FN:244,(anonymous_24)
FN:249,(anonymous_25)
FN:265,(anonymous_26)
FN:270,(anonymous_27)
FN:275,(anonymous_28)
FN:295,(anonymous_29)
FN:308,(anonymous_30)
FN:320,(anonymous_31)
FN:323,(anonymous_32)
FN:331,(anonymous_33)
FN:336,(anonymous_34)
FN:339,(anonymous_35)
FN:342,(anonymous_36)
FN:350,(anonymous_37)
FN:371,(anonymous_38)
FN:411,(anonymous_39)
FNF:30
FNH:20
FNDA:6,(anonymous_10)
FNDA:0,(anonymous_11)
FNDA:6,(anonymous_12)
FNDA:2,(anonymous_13)
FNDA:0,(anonymous_14)
FNDA:0,(anonymous_15)
FNDA:6,(anonymous_16)
FNDA:6,(anonymous_17)
FNDA:6,(anonymous_18)
FNDA:0,(anonymous_19)
FNDA:6,(anonymous_20)
FNDA:6,(anonymous_21)
FNDA:0,(anonymous_22)
FNDA:6,(anonymous_23)
FNDA:7,(anonymous_24)
FNDA:7,(anonymous_25)
FNDA:6,(anonymous_26)
FNDA:7,(anonymous_27)
FNDA:7,(anonymous_28)
FNDA:6,(anonymous_29)
FNDA:6,(anonymous_30)
FNDA:7,(anonymous_31)
FNDA:0,(anonymous_32)
FNDA:1,(anonymous_33)
FNDA:1,(anonymous_34)
FNDA:0,(anonymous_35)
FNDA:0,(anonymous_36)
FNDA:0,(anonymous_37)
FNDA:0,(anonymous_38)
FNDA:6,(anonymous_39)
DA:8,1
DA:9,1
DA:10,1
DA:11,1
DA:12,1
DA:46,1
DA:47,6
DA:50,6
DA:57,0
DA:58,0
DA:59,0
DA:61,0
DA:78,6
DA:85,6
DA:87,6
DA:102,6
DA:105,6
DA:108,0
DA:109,0
DA:119,6
DA:121,6
DA:128,0
DA:135,0
DA:137,0
DA:138,0
DA:139,0
DA:145,0
DA:146,0
DA:150,0
DA:151,0
DA:152,0
DA:160,0
DA:161,0
DA:162,0
DA:166,0
DA:173,0
DA:174,0
DA:178,6
DA:182,6
DA:183,6
DA:185,6
DA:187,6
DA:188,6
DA:189,0
DA:193,0
DA:194,0
DA:199,6
DA:200,0
DA:211,6
DA:212,6
DA:214,6
DA:216,6
DA:217,6
DA:218,5
DA:222,0
DA:223,0
DA:228,6
DA:229,0
DA:240,6
DA:241,6
DA:243,6
DA:245,7
DA:246,5
DA:250,7
DA:254,6
DA:255,1
DA:266,6
DA:267,6
DA:269,6
DA:271,7
DA:272,2
DA:276,7
DA:277,7
DA:278,1
DA:283,6
DA:284,1
DA:296,6
DA:297,24
DA:298,24
DA:300,0
DA:309,6
DA:319,6
DA:321,7
DA:324,0
DA:325,0
DA:327,0
DA:328,0
DA:332,1
DA:333,1
DA:337,1
DA:340,0
DA:343,0
DA:347,6
DA:351,0
DA:353,0
DA:354,0
DA:355,0
DA:356,0
DA:357,0
DA:358,0
DA:361,0
DA:362,0
DA:363,0
DA:364,0
DA:365,0
DA:366,0
DA:373,0
DA:374,0
DA:376,0
DA:377,0
DA:378,0
DA:387,0
DA:388,0
DA:389,0
DA:390,0
DA:399,0
DA:400,0
DA:401,0
DA:402,0
DA:412,6
LF:120
LH:58
BRDA:77,0,0,6
BRDA:138,1,0,0
BRDA:138,1,1,0
BRDA:151,2,0,0
BRDA:161,3,0,0
BRDA:188,4,0,0
BRDA:189,5,0,0
BRDA:189,5,1,0
BRDA:193,6,0,0
BRDA:193,7,0,0
BRDA:193,7,1,0
BRDA:199,8,0,0
BRDA:217,9,0,5
BRDA:222,10,0,0
BRDA:222,11,0,0
BRDA:222,11,1,0
BRDA:228,12,0,0
BRDA:228,13,0,6
BRDA:228,13,1,0
BRDA:228,13,2,0
BRDA:245,14,0,5
BRDA:254,15,0,1
BRDA:254,16,0,6
BRDA:254,16,1,6
BRDA:271,17,0,2
BRDA:277,18,0,1
BRDA:277,19,0,7
BRDA:277,19,1,7
BRDA:283,20,0,1
BRDA:283,21,0,6
BRDA:283,21,1,1
BRDA:316,22,0,6
BRDA:316,22,1,1
BRDA:316,22,2,0
BRDA:324,23,0,0
BRDA:324,24,0,0
BRDA:324,24,1,0
BRDA:327,25,0,0
BRDA:327,26,0,0
BRDA:327,26,1,0
BRDA:332,27,0,1
BRDA:332,28,0,1
BRDA:332,28,1,1
BRDA:354,29,0,0
BRDA:354,29,1,0
BRDA:356,30,0,0
BRDA:356,31,0,0
BRDA:356,31,1,0
BRDA:377,32,0,0
BRDA:389,33,0,0
BRDA:401,34,0,0
BRF:51
BRH:19
end_of_record
